2022-11-17 23:56:07 [http] ROUTER: <->    GET[200] - 2ms - /v1/ping
2022-11-17 23:58:15 [http] ROUTER: <->    GET[200] - 2ms - /v1/ping
2022-11-18 00:58:12 [http] ROUTER: <->    GET[200] - 2ms - /v1/ping
2022-11-18 09:48:07 [http] ROUTER: xxx    GET[undefined] - 4ms - /v1/upload
2022-11-18 09:48:42 [http] ROUTER: <->    GET[200] - 3ms - /v1/upload
2022-11-18 09:48:52 [http] ROUTER: <->   POST[405] - 1ms - /v1/upload
2022-11-18 09:48:59 [http] ROUTER: <->   POST[200] - 4ms - /v1/upload
2022-11-18 09:49:22 [http] ROUTER: <->   POST[405] - 1ms - /v1/upload
2022-11-18 09:49:27 [http] ROUTER: <->    GET[200] - 4ms - /v1/upload
2022-11-18 09:50:11 [http] ROUTER: <->    GET[200] - 4ms - /v1/upload
2022-11-18 09:50:18 [http] ROUTER: <->    GET[200] - 1ms - /v1/upload
2022-11-18 09:50:34 [http] ROUTER: <->   POST[200] - 4ms - /v1/upload
2022-11-18 09:50:48 [http] ROUTER: <->   POST[200] - 3ms - /v1/upload
2022-11-18 09:52:00 [http] ROUTER: <->   POST[200] - 2ms - /v1/upload
2022-11-18 09:52:04 [http] ROUTER: <->   POST[200] - 0ms - /v1/upload
2022-11-18 09:52:37 [http] ROUTER: <->   POST[200] - 12ms - /v1/upload
2022-11-18 09:55:16 [http] ROUTER: <->   POST[200] - 8ms - /v1/upload
2022-11-18 09:55:19 [http] ROUTER: <->   POST[200] - 1ms - /v1/upload
2022-11-18 09:55:36 [http] ROUTER: <->   POST[200] - 1ms - /v1/upload
2022-11-18 09:56:17 [http] ROUTER: <->   POST[200] - 4ms - /v1/upload
2022-11-18 09:56:21 [http] ROUTER: <->   POST[200] - 0ms - /v1/upload
2022-11-18 09:56:26 [http] ROUTER: <->   POST[200] - 8ms - /v1/upload
2022-11-18 09:56:33 [http] ROUTER: <->   POST[200] - 1ms - /v1/upload
2022-11-18 09:56:55 [http] ROUTER: <->   POST[200] - 3ms - /v1/upload
2022-11-18 09:58:18 [http] ROUTER: <->   POST[200] - 4ms - /v1/upload
2022-11-18 09:58:25 [http] ROUTER: <->   POST[200] - 4ms - /v1/upload
2022-11-18 10:00:01 [http] ROUTER: <->   POST[200] - 3ms - /v1/upload
2022-11-18 10:00:09 [http] ROUTER: <->   POST[200] - 4ms - /v1/upload
2022-11-18 10:00:20 [http] ROUTER: <->   POST[200] - 0ms - /v1/upload
2022-11-18 10:02:39 [http] ROUTER: <->   POST[200] - 3ms - /v1/upload
2022-11-18 10:02:41 [http] ROUTER: <->   POST[200] - 1ms - /v1/upload
2022-11-18 10:03:56 [http] ROUTER: <->   POST[200] - 3ms - /v1/upload
2022-11-18 10:04:08 [http] ROUTER: <->   POST[200] - 0ms - /v1/upload
2022-11-18 10:04:13 [http] ROUTER: <->   POST[200] - 1ms - /v1/upload
2022-11-18 10:04:36 [http] ROUTER: <->   POST[200] - 7ms - /v1/upload
2022-11-18 10:05:50 [http] ROUTER: <->   POST[200] - 6ms - /v1/upload
2022-11-18 10:05:52 [http] ROUTER: <->   POST[200] - 6ms - /v1/upload
2022-11-18 10:06:21 [http] ROUTER: <->   POST[200] - 13ms - /v1/upload
2022-11-18 10:06:31 [http] ROUTER: <->   POST[200] - 8ms - /v1/upload
2022-11-18 10:06:38 [http] ROUTER: <->   POST[200] - 0ms - /v1/upload
2022-11-18 10:06:51 [http] ROUTER: <->   POST[200] - 4ms - /v1/upload
2022-11-18 10:08:28 [http] ROUTER: <->   POST[200] - 3ms - /v1/upload
2022-11-18 10:11:32 [http] ROUTER: <->   POST[200] - 1ms - /v1/upload
2022-11-18 10:14:33 [http] ROUTER: <->   POST[200] - 9ms - /v1/upload
2022-11-18 10:21:12 [http] ROUTER: <->   POST[200] - 9ms - /v1/upload
2022-11-18 10:47:26 [http] ROUTER: <->   POST[200] - 10ms - /v1/upload
2022-11-18 10:47:32 [http] ROUTER: xxx   POST[undefined] - 1ms - /v1/upload
2022-11-18 10:47:41 [http] ROUTER: xxx   POST[undefined] - 0ms - /v1/upload
2022-11-18 10:47:52 [http] ROUTER: xxx   POST[undefined] - 3ms - /v1/upload
2022-11-18 10:48:09 [http] ROUTER: <->   POST[200] - 7ms - /v1/upload
2022-11-18 10:48:44 [http] ROUTER: <->   POST[200] - 2ms - /v1/upload
2022-11-18 10:48:48 [http] ROUTER: xxx   POST[undefined] - 0ms - /v1/upload
2022-11-18 10:48:52 [http] ROUTER: xxx   POST[undefined] - 1ms - /v1/upload
2022-11-18 10:48:57 [http] ROUTER: xxx   POST[undefined] - 1ms - /v1/upload
2022-11-18 10:49:08 [http] ROUTER: xxx   POST[undefined] - 0ms - /v1/upload
2022-11-18 10:50:02 [http] ROUTER: xxx   POST[undefined] - 0ms - /v1/upload
2022-11-18 10:50:18 [http] ROUTER: xxx   POST[undefined] - 2ms - /v1/upload
2022-11-18 10:50:28 [http] ROUTER: <->   POST[200] - 7ms - /v1/upload
2022-11-18 10:50:36 [http] ROUTER: <->   POST[200] - 11ms - /v1/upload
2022-11-18 10:50:47 [http] ROUTER: <->   POST[200] - 12ms - /v1/upload
2022-11-18 10:55:10 [http] ROUTER: <->   POST[200] - 10ms - /v1/upload
2022-11-18 10:59:23 [http] ROUTER: <->   POST[200] - 49ms - /v1/upload
2022-11-18 11:02:52 [http] ROUTER: <->   POST[200] - 12ms - /v1/upload
2022-11-18 11:03:00 [http] ROUTER: <->   POST[200] - 6ms - /v1/upload
2022-11-18 11:03:24 [http] ROUTER: <->   POST[200] - 9ms - /v1/upload
2022-11-18 11:03:47 [http] ROUTER: <->   POST[200] - 7ms - /v1/upload
2022-11-18 11:04:15 [http] ROUTER: <->   POST[200] - 8ms - /v1/upload
2022-11-18 11:05:10 [http] ROUTER: <->   POST[200] - 13ms - /v1/upload
2022-11-18 11:06:01 [http] ROUTER: <->   POST[200] - 15ms - /v1/upload
2022-11-18 11:12:13 [http] ROUTER: <->   POST[200] - 14ms - /v1/upload
2022-11-18 11:26:55 [http] ROUTER: <->   POST[200] - 3ms - /v1/upload
2022-11-18 11:30:34 [http] ROUTER: <->   POST[200] - 17ms - /v1/upload
2022-11-18 11:30:37 [http] ROUTER: <->   POST[200] - 52ms - /v1/upload
2022-11-18 11:33:23 [http] ROUTER: <->   POST[200] - 9ms - /v1/upload
2022-11-20 18:59:08 [http] ROUTER: <->   POST[200] - 9ms - /v1/upload
2022-11-20 18:59:23 [http] ROUTER: <->   POST[200] - 12ms - /v1/upload
2022-11-20 21:22:36 [http] ROUTER: xxx   POST[undefined] - 11ms - /v1/upload
2022-11-20 21:31:54 [http] ROUTER: xxx   POST[undefined] - 12ms - /v1/upload
2022-11-20 21:32:39 [http] ROUTER: xxx   POST[undefined] - 46ms - /v1/upload
2022-11-20 21:35:07 [http] ROUTER: xxx   POST[undefined] - 394ms - /v1/upload
2022-11-20 21:35:52 [http] ROUTER: <->   POST[200] - 716ms - /v1/upload
2022-11-20 21:41:17 [http] ROUTER: <->   POST[200] - 847ms - /v1/upload
2022-11-20 21:44:01 [http] ROUTER: <->   POST[404] - 1ms - /v1/upload/94b79d28-b359-4f6d-8f96-0e7fa616a770abstract-butterfly-colorful-1-4k.jpg
2022-11-20 21:44:13 [http] ROUTER: <->   POST[404] - 2ms - /v1/upload/94b79d28-b359-4f6d-8f96-0e7fa616a770abstract-butterfly-colorful-1-4k.jpg
2022-11-20 21:44:21 [http] ROUTER: <->   POST[404] - 0ms - /v1/upload/94b79d28-b359-4f6d-8f96-0e7fa616a770abstract-butterfly-colorful-1-4k.jpg
2022-11-20 21:44:44 [http] ROUTER: <->   POST[404] - 2ms - /v1/upload/94b79d28-b359-4f6d-8f96-0e7fa616a770abstract-butterfly-colorful-1-4k.jpg
2022-11-20 21:44:52 [http] ROUTER: <->   POST[200] - 911ms - /v1/upload
